\BOOKMARK [1][-]{section.1}{\277Qu\351 es SolNE?}{}% 1
\BOOKMARK [1][-]{section.2}{Instalaci\363n}{}% 2
\BOOKMARK [2][-]{subsection.2.1}{Requisitos}{section.2}% 3
\BOOKMARK [3][-]{subsubsection.2.1.1}{Python3}{subsection.2.1}% 4
\BOOKMARK [3][-]{subsubsection.2.1.2}{Python3 Pip}{subsection.2.1}% 5
\BOOKMARK [3][-]{subsubsection.2.1.3}{SymPy}{subsection.2.1}% 6
\BOOKMARK [3][-]{subsubsection.2.1.4}{NumPy}{subsection.2.1}% 7
\BOOKMARK [3][-]{subsubsection.2.1.5}{Matplotlib}{subsection.2.1}% 8
\BOOKMARK [2][-]{subsection.2.2}{Instalaci\363n SolNE}{section.2}% 9
\BOOKMARK [1][-]{section.3}{C\363mo utilizar SolNE}{}% 10
\BOOKMARK [2][-]{subsection.3.1}{Funci\363n sne\137ud\1371}{section.3}% 11
\BOOKMARK [2][-]{subsection.3.2}{Funci\363n sne\137ud\1372}{section.3}% 12
\BOOKMARK [2][-]{subsection.3.3}{Funci\363n sne\137ud\1373}{section.3}% 13
\BOOKMARK [2][-]{subsection.3.4}{Funci\363n sne\137ud\1374}{section.3}% 14
\BOOKMARK [2][-]{subsection.3.5}{Funci\363n sne\137ud\1375}{section.3}% 15
\BOOKMARK [2][-]{subsection.3.6}{Funci\363n sne\137ud\1376}{section.3}% 16
\BOOKMARK [2][-]{subsection.3.7}{Funci\363n sne\137fd\1371}{section.3}% 17
\BOOKMARK [2][-]{subsection.3.8}{Funci\363n sne\137fd\1372}{section.3}% 18
\BOOKMARK [2][-]{subsection.3.9}{Funci\363n sne\137fd\1373}{section.3}% 19
\BOOKMARK [2][-]{subsection.3.10}{Funci\363n sne\137fd\1374}{section.3}% 20
\BOOKMARK [2][-]{subsection.3.11}{Funci\363n sne\137fd\1375}{section.3}% 21
\BOOKMARK [2][-]{subsection.3.12}{Funci\363n sne\137fd\1376}{section.3}% 22
\BOOKMARK [1][-]{section.4}{Referencias Bibliogr\341ficas}{}% 23
